2025-01-02 14:06:18.709 [info] [main] Log level: Info
2025-01-02 14:06:18.709 [info] [main] Validating found git in: "git"
2025-01-02 14:06:18.709 [info] [main] Using git "2.47.1" from "git"
2025-01-02 14:06:18.709 [info] [Model][doInitialScan] Initial repository scan started
2025-01-02 14:06:18.709 [info] > git rev-parse --show-toplevel [3687ms]
2025-01-02 14:06:18.725 [info] > git rev-parse --git-dir --git-common-dir [23ms]
2025-01-02 14:06:18.755 [info] [Model][openRepository] Opened repository: /home/hacker/.config
2025-01-02 14:06:18.912 [info] > git config --get commit.template [108ms]
2025-01-02 14:06:18.949 [info] > git rev-parse --show-toplevel [3ms]
2025-01-02 14:06:22.157 [info] > git for-each-ref --format=%(refname)%00%(upstream:short)%00%(objectname)%00%(upstream:track)%00%(upstream:remotename)%00%(upstream:remoteref) refs/heads/main refs/remotes/main [3265ms]
2025-01-02 14:06:22.157 [info] > git rev-parse --show-toplevel [3187ms]
2025-01-02 14:06:22.215 [info] > git check-ignore -v -z --stdin [138ms]
2025-01-02 14:06:22.281 [info] > git rev-parse --show-toplevel [70ms]
2025-01-02 14:06:24.078 [info] > git status -z -uall [656ms]
2025-01-02 14:06:24.078 [info] > git rev-parse --show-toplevel [1764ms]
2025-01-02 14:06:24.124 [info] > git for-each-ref --sort -committerdate --format %(refname) %(objectname) %(*objectname) [50ms]
2025-01-02 14:06:24.195 [info] > git for-each-ref --format=%(refname)%00%(upstream:short)%00%(objectname)%00%(upstream:track)%00%(upstream:remotename)%00%(upstream:remoteref) refs/heads/main refs/remotes/main [33ms]
2025-01-02 14:06:24.215 [info] > git rev-parse --show-toplevel [101ms]
2025-01-02 14:06:24.305 [info] > git config --local branch.main.vscode-merge-base [89ms]
2025-01-02 14:06:24.305 [warning] [Git][config] git config failed: Failed to execute git
2025-01-02 14:06:24.324 [info] > git config --get commit.template [133ms]
2025-01-02 14:06:24.455 [info] > git rev-parse --show-toplevel [152ms]
2025-01-02 14:06:24.533 [info] > git reflog main --grep-reflog=branch: Created from *. [210ms]
2025-01-02 14:06:24.574 [info] > git rev-parse --show-toplevel [79ms]
2025-01-02 14:06:24.575 [info] > git for-each-ref --format=%(refname)%00%(upstream:short)%00%(objectname)%00%(upstream:track)%00%(upstream:remotename)%00%(upstream:remoteref) refs/heads/main refs/remotes/main [97ms]
2025-01-02 14:06:24.635 [info] > git rev-parse --show-toplevel [10ms]
2025-01-02 14:06:24.698 [info] > git symbolic-ref --short refs/remotes/origin/HEAD [147ms]
2025-01-02 14:06:24.698 [info] fatal: ref refs/remotes/origin/HEAD is not a symbolic ref
2025-01-02 14:06:24.698 [warning] [Repository][getDefaultBranch] Failed to get default branch details: Failed to execute git.
2025-01-02 14:06:24.733 [info] > git for-each-ref --sort -committerdate --format %(refname) %(objectname) %(*objectname) [39ms]
2025-01-02 14:06:24.734 [info] > git rev-parse --show-toplevel [81ms]
2025-01-02 14:06:24.754 [info] > git status -z -uall [82ms]
2025-01-02 14:06:24.755 [info] > git merge-base refs/heads/main refs/remotes/origin/main [34ms]
2025-01-02 14:06:24.777 [info] > git rev-parse --show-toplevel [24ms]
2025-01-02 14:06:24.834 [info] > git merge-base refs/heads/main refs/remotes/origin/main [33ms]
2025-01-02 14:06:24.853 [info] > git diff --name-status -z --diff-filter=ADMR 864787d7354e22c0210c1b44377079f1c0a18bff...refs/remotes/origin/main [80ms]
2025-01-02 14:06:24.866 [info] > git diff --name-status -z --diff-filter=ADMR 864787d7354e22c0210c1b44377079f1c0a18bff...refs/remotes/origin/main [13ms]
2025-01-02 14:06:24.867 [info] > git rev-parse --show-toplevel [44ms]
2025-01-02 14:06:24.902 [info] > git rev-parse --show-toplevel [17ms]
2025-01-02 14:06:24.923 [info] > git rev-parse --show-toplevel [4ms]
2025-01-02 14:06:24.942 [info] > git rev-parse --show-toplevel [2ms]
2025-01-02 14:06:24.970 [info] > git rev-parse --show-toplevel [10ms]
2025-01-02 14:06:24.991 [info] > git rev-parse --show-toplevel [2ms]
2025-01-02 14:06:25.012 [info] > git rev-parse --show-toplevel [4ms]
2025-01-02 14:06:25.034 [info] > git rev-parse --show-toplevel [4ms]
2025-01-02 14:06:25.054 [info] > git rev-parse --show-toplevel [2ms]
2025-01-02 14:06:25.077 [info] > git rev-parse --show-toplevel [3ms]
2025-01-02 14:06:25.101 [info] > git rev-parse --show-toplevel [2ms]
2025-01-02 14:06:25.124 [info] > git rev-parse --show-toplevel [2ms]
2025-01-02 14:06:25.146 [info] > git rev-parse --show-toplevel [5ms]
2025-01-02 14:06:25.165 [info] > git rev-parse --show-toplevel [2ms]
2025-01-02 14:06:25.188 [info] > git rev-parse --show-toplevel [5ms]
2025-01-02 14:06:25.212 [info] > git rev-parse --show-toplevel [5ms]
2025-01-02 14:06:25.233 [info] > git rev-parse --show-toplevel [3ms]
2025-01-02 14:06:25.237 [info] [Model][doInitialScan] Initial repository scan completed - repositories (1), closed repositories (0), parent repositories (0), unsafe repositories (0)
2025-01-02 14:06:27.506 [info] > git config --get commit.template [9ms]
2025-01-02 14:06:27.529 [info] > git for-each-ref --format=%(refname)%00%(upstream:short)%00%(objectname)%00%(upstream:track)%00%(upstream:remotename)%00%(upstream:remoteref) refs/heads/main refs/remotes/main [3ms]
2025-01-02 14:06:27.596 [info] > git for-each-ref --sort -committerdate --format %(refname) %(objectname) %(*objectname) [24ms]
2025-01-02 14:06:27.605 [info] > git status -z -uall [56ms]
2025-01-02 14:06:32.672 [info] > git config --get commit.template [21ms]
2025-01-02 14:06:32.673 [info] > git for-each-ref --format=%(refname)%00%(upstream:short)%00%(objectname)%00%(upstream:track)%00%(upstream:remotename)%00%(upstream:remoteref) refs/heads/main refs/remotes/main [3ms]
2025-01-02 14:06:32.719 [info] > git for-each-ref --sort -committerdate --format %(refname) %(objectname) %(*objectname) [3ms]
2025-01-02 14:06:32.747 [info] > git status -z -uall [55ms]
2025-01-02 14:06:39.167 [info] > git config --get commit.template [23ms]
2025-01-02 14:06:39.168 [info] > git for-each-ref --format=%(refname)%00%(upstream:short)%00%(objectname)%00%(upstream:track)%00%(upstream:remotename)%00%(upstream:remoteref) refs/heads/main refs/remotes/main [3ms]
2025-01-02 14:06:39.212 [info] > git for-each-ref --sort -committerdate --format %(refname) %(objectname) %(*objectname) [2ms]
2025-01-02 14:06:39.241 [info] > git status -z -uall [54ms]
