2025-01-01 21:08:32.690 [info] Reading sessions from keychain...
2025-01-01 21:08:32.691 [info] Getting sessions for all scopes...
2025-01-01 21:08:32.691 [info] Getting sessions for user:email...
2025-01-01 21:08:32.691 [info] Getting sessions for all scopes...
2025-01-01 21:08:32.691 [info] Getting sessions for all scopes...
2025-01-01 21:08:32.691 [info] Getting sessions for all scopes...
2025-01-01 21:08:32.691 [info] Getting sessions for all scopes...
2025-01-01 21:08:32.691 [info] Getting sessions for all scopes...
2025-01-01 21:08:32.798 [info] Got stored sessions!
2025-01-01 21:08:32.798 [info] Got 1 verified sessions.
2025-01-01 21:08:32.799 [info] Got 1 sessions for ...
2025-01-01 21:08:32.799 [info] Got 1 sessions for user:email...
2025-01-01 21:08:32.799 [info] Got 1 sessions for ...
2025-01-01 21:08:32.799 [info] Got 1 sessions for ...
2025-01-01 21:08:32.799 [info] Got 1 sessions for ...
2025-01-01 21:08:32.799 [info] Got 1 sessions for ...
2025-01-01 21:08:32.799 [info] Got 1 sessions for ...
2025-01-01 21:08:33.076 [info] Getting sessions for all scopes...
2025-01-01 21:08:33.076 [info] Got 1 sessions for ...
2025-01-01 21:08:38.917 [info] Getting sessions for read:user,repo,user:email,workflow...
2025-01-01 21:08:38.922 [info] Got 0 sessions for read:user,repo,user:email,workflow...
2025-01-01 21:08:38.923 [info] Getting sessions for all scopes...
2025-01-01 21:08:38.923 [info] Got 1 sessions for ...
2025-01-01 21:08:38.924 [info] Getting sessions for all scopes...
2025-01-01 21:08:38.924 [info] Got 1 sessions for ...
2025-01-01 21:08:39.172 [info] Getting sessions for read:user...
2025-01-01 21:08:39.172 [info] Got 0 sessions for read:user...
2025-01-01 21:08:39.173 [info] Getting sessions for read:user,repo,user:email,workflow...
2025-01-01 21:08:39.173 [info] Got 0 sessions for read:user,repo,user:email,workflow...
2025-01-01 21:08:39.203 [info] Getting sessions for user:email...
2025-01-01 21:08:39.203 [info] Got 1 sessions for user:email...
2025-01-01 21:08:39.204 [info] Getting sessions for user:email...
2025-01-01 21:08:39.204 [info] Got 1 sessions for user:email...
2025-01-01 21:08:39.234 [info] Getting sessions for all scopes...
2025-01-01 21:08:39.234 [info] Got 1 sessions for ...
2025-01-01 21:08:39.239 [info] Getting sessions for all scopes...
2025-01-01 21:08:39.239 [info] Got 1 sessions for ...
2025-01-01 21:08:41.874 [info] Getting sessions for read:user,repo,user:email,workflow...
2025-01-01 21:08:41.874 [info] Got 0 sessions for read:user,repo,user:email,workflow...
2025-01-01 21:08:41.918 [info] Getting sessions for user:email...
2025-01-01 21:08:41.919 [info] Got 1 sessions for user:email...
2025-01-01 21:08:43.009 [info] Getting sessions for all scopes...
2025-01-01 21:08:43.009 [info] Got 1 sessions for ...
2025-01-01 21:08:43.009 [info] Getting sessions for all scopes...
2025-01-01 21:08:43.010 [info] Got 1 sessions for ...
2025-01-01 21:08:43.067 [info] Getting sessions for read:user,repo,user:email,workflow...
2025-01-01 21:08:43.067 [info] Got 0 sessions for read:user,repo,user:email,workflow...
2025-01-01 21:08:43.070 [info] Getting sessions for user:email...
2025-01-01 21:08:43.070 [info] Got 1 sessions for user:email...
2025-01-01 21:08:43.075 [info] Getting sessions for all scopes...
2025-01-01 21:08:43.075 [info] Got 1 sessions for ...
2025-01-01 21:08:43.077 [info] Getting sessions for read:user,repo,user:email,workflow...
2025-01-01 21:08:43.077 [info] Got 0 sessions for read:user,repo,user:email,workflow...
2025-01-01 21:08:43.079 [info] Getting sessions for user:email...
2025-01-01 21:08:43.079 [info] Got 1 sessions for user:email...
2025-01-01 21:08:43.217 [info] Getting sessions for all scopes...
2025-01-01 21:08:43.217 [info] Got 1 sessions for ...
2025-01-01 21:08:43.236 [info] Getting sessions for read:user,repo,user:email,workflow...
2025-01-01 21:08:43.236 [info] Got 0 sessions for read:user,repo,user:email,workflow...
2025-01-01 21:08:43.238 [info] Getting sessions for user:email...
2025-01-01 21:08:43.238 [info] Got 1 sessions for user:email...
2025-01-01 21:08:43.603 [info] Getting sessions for read:user,repo,user:email,workflow...
2025-01-01 21:08:43.603 [info] Got 0 sessions for read:user,repo,user:email,workflow...
2025-01-01 21:08:43.640 [info] Getting sessions for read:user...
2025-01-01 21:08:43.640 [info] Got 0 sessions for read:user...
2025-01-01 21:08:43.644 [info] Getting sessions for user:email...
2025-01-01 21:08:43.644 [info] Got 1 sessions for user:email...
2025-01-01 21:08:44.714 [info] Getting sessions for all scopes...
2025-01-01 21:08:44.714 [info] Got 1 sessions for ...
2025-01-01 21:08:44.717 [info] Getting sessions for read:user,repo,user:email,workflow...
2025-01-01 21:08:44.717 [info] Got 0 sessions for read:user,repo,user:email,workflow...
2025-01-01 21:08:44.719 [info] Getting sessions for user:email...
2025-01-01 21:08:44.719 [info] Got 1 sessions for user:email...
2025-01-01 21:23:44.728 [info] Getting sessions for all scopes...
2025-01-01 21:23:44.728 [info] Got 1 sessions for ...
2025-01-01 21:23:44.736 [info] Getting sessions for read:user,repo,user:email,workflow...
2025-01-01 21:23:44.736 [info] Got 0 sessions for read:user,repo,user:email,workflow...
2025-01-01 21:23:44.743 [info] Getting sessions for user:email...
2025-01-01 21:23:44.743 [info] Got 1 sessions for user:email...
2025-01-01 21:23:44.797 [info] Getting sessions for all scopes...
2025-01-01 21:23:44.797 [info] Got 1 sessions for ...
2025-01-01 21:23:44.799 [info] Getting sessions for read:user,repo,user:email,workflow...
2025-01-01 21:23:44.799 [info] Got 0 sessions for read:user,repo,user:email,workflow...
2025-01-01 21:23:44.801 [info] Getting sessions for user:email...
2025-01-01 21:23:44.801 [info] Got 1 sessions for user:email...
2025-01-01 21:33:42.456 [info] Getting sessions for read:user,repo,user:email,workflow...
2025-01-01 21:33:42.456 [info] Got 0 sessions for read:user,repo,user:email,workflow...
2025-01-01 21:33:42.462 [info] Getting sessions for read:user...
2025-01-01 21:33:42.462 [info] Got 0 sessions for read:user...
2025-01-01 21:33:42.469 [info] Getting sessions for user:email...
2025-01-01 21:33:42.469 [info] Got 1 sessions for user:email...
2025-01-01 21:33:42.923 [info] Getting sessions for all scopes...
2025-01-01 21:33:42.923 [info] Got 1 sessions for ...
2025-01-01 21:33:42.929 [info] Getting sessions for read:user,repo,user:email,workflow...
2025-01-01 21:33:42.929 [info] Got 0 sessions for read:user,repo,user:email,workflow...
2025-01-01 21:33:42.935 [info] Getting sessions for user:email...
2025-01-01 21:33:42.935 [info] Got 1 sessions for user:email...
2025-01-01 21:33:43.969 [info] Getting sessions for all scopes...
2025-01-01 21:33:43.969 [info] Got 1 sessions for ...
2025-01-01 21:33:43.971 [info] Getting sessions for all scopes...
2025-01-01 21:33:43.971 [info] Got 1 sessions for ...
2025-01-01 21:33:43.976 [info] Getting sessions for read:user,repo,user:email,workflow...
2025-01-01 21:33:43.976 [info] Got 0 sessions for read:user,repo,user:email,workflow...
2025-01-01 21:33:43.983 [info] Getting sessions for user:email...
2025-01-01 21:33:43.983 [info] Got 1 sessions for user:email...
2025-01-01 21:33:43.990 [info] Getting sessions for all scopes...
2025-01-01 21:33:43.990 [info] Got 1 sessions for ...
2025-01-01 21:33:43.997 [info] Getting sessions for read:user,repo,user:email,workflow...
2025-01-01 21:33:43.997 [info] Got 0 sessions for read:user,repo,user:email,workflow...
2025-01-01 21:33:44.003 [info] Getting sessions for user:email...
2025-01-01 21:33:44.004 [info] Got 1 sessions for user:email...
2025-01-01 21:33:44.030 [info] Getting sessions for all scopes...
2025-01-01 21:33:44.030 [info] Got 1 sessions for ...
2025-01-01 21:33:44.037 [info] Getting sessions for read:user,repo,user:email,workflow...
2025-01-01 21:33:44.037 [info] Got 0 sessions for read:user,repo,user:email,workflow...
2025-01-01 21:33:44.043 [info] Getting sessions for user:email...
2025-01-01 21:33:44.044 [info] Got 1 sessions for user:email...
2025-01-02 08:40:23.336 [info] Getting sessions for all scopes...
2025-01-02 08:40:23.336 [info] Got 1 sessions for ...
2025-01-02 08:40:23.343 [info] Getting sessions for read:user,repo,user:email,workflow...
2025-01-02 08:40:23.343 [info] Got 0 sessions for read:user,repo,user:email,workflow...
2025-01-02 08:40:23.350 [info] Getting sessions for user:email...
2025-01-02 08:40:23.350 [info] Got 1 sessions for user:email...
2025-01-02 08:40:23.357 [info] Getting sessions for all scopes...
2025-01-02 08:40:23.357 [info] Got 1 sessions for ...
2025-01-02 08:40:23.363 [info] Getting sessions for read:user,repo,user:email,workflow...
2025-01-02 08:40:23.364 [info] Got 0 sessions for read:user,repo,user:email,workflow...
2025-01-02 08:40:23.371 [info] Getting sessions for user:email...
2025-01-02 08:40:23.371 [info] Got 1 sessions for user:email...
2025-01-02 08:40:59.703 [info] Getting sessions for all scopes...
2025-01-02 08:40:59.703 [info] Got 1 sessions for ...
2025-01-02 08:40:59.703 [info] Getting sessions for all scopes...
2025-01-02 08:40:59.703 [info] Got 1 sessions for ...
2025-01-02 08:40:59.705 [info] Getting sessions for read:user,repo,user:email,workflow...
2025-01-02 08:40:59.705 [info] Got 0 sessions for read:user,repo,user:email,workflow...
2025-01-02 08:40:59.707 [info] Getting sessions for user:email...
2025-01-02 08:40:59.707 [info] Got 1 sessions for user:email...
2025-01-02 08:40:59.710 [info] Getting sessions for all scopes...
2025-01-02 08:40:59.710 [info] Got 1 sessions for ...
2025-01-02 08:40:59.712 [info] Getting sessions for read:user,repo,user:email,workflow...
2025-01-02 08:40:59.712 [info] Got 0 sessions for read:user,repo,user:email,workflow...
2025-01-02 08:40:59.714 [info] Getting sessions for user:email...
2025-01-02 08:40:59.714 [info] Got 1 sessions for user:email...
2025-01-02 08:40:59.717 [info] Getting sessions for all scopes...
2025-01-02 08:40:59.717 [info] Got 1 sessions for ...
2025-01-02 08:40:59.719 [info] Getting sessions for read:user,repo,user:email,workflow...
2025-01-02 08:40:59.719 [info] Got 0 sessions for read:user,repo,user:email,workflow...
2025-01-02 08:40:59.721 [info] Getting sessions for user:email...
2025-01-02 08:40:59.721 [info] Got 1 sessions for user:email...
2025-01-02 08:41:20.464 [info] Getting sessions for all scopes...
2025-01-02 08:41:20.464 [info] Got 1 sessions for ...
2025-01-02 08:41:20.469 [info] Getting sessions for read:user,repo,user:email,workflow...
2025-01-02 08:41:20.469 [info] Got 0 sessions for read:user,repo,user:email,workflow...
2025-01-02 08:41:20.472 [info] Getting sessions for user:email...
2025-01-02 08:41:20.472 [info] Got 1 sessions for user:email...
2025-01-02 08:41:20.475 [info] Getting sessions for all scopes...
2025-01-02 08:41:20.475 [info] Got 1 sessions for ...
2025-01-02 08:41:20.477 [info] Getting sessions for read:user,repo,user:email,workflow...
2025-01-02 08:41:20.477 [info] Got 0 sessions for read:user,repo,user:email,workflow...
2025-01-02 08:41:20.480 [info] Getting sessions for user:email...
2025-01-02 08:41:20.480 [info] Got 1 sessions for user:email...
2025-01-02 08:50:22.302 [info] Getting sessions for read:user,repo,user:email,workflow...
2025-01-02 08:50:22.302 [info] Got 0 sessions for read:user,repo,user:email,workflow...
2025-01-02 08:50:22.309 [info] Getting sessions for read:user...
2025-01-02 08:50:22.309 [info] Got 0 sessions for read:user...
2025-01-02 08:50:22.315 [info] Getting sessions for user:email...
2025-01-02 08:50:22.316 [info] Got 1 sessions for user:email...
2025-01-02 08:50:23.243 [info] Getting sessions for all scopes...
2025-01-02 08:50:23.243 [info] Got 1 sessions for ...
2025-01-02 08:50:23.250 [info] Getting sessions for read:user,repo,user:email,workflow...
2025-01-02 08:50:23.251 [info] Got 0 sessions for read:user,repo,user:email,workflow...
2025-01-02 08:50:23.257 [info] Getting sessions for user:email...
2025-01-02 08:50:23.258 [info] Got 1 sessions for user:email...
