2025-01-04 08:00:53.571 [info] Reading sessions from keychain...
2025-01-04 08:00:53.571 [info] Getting sessions for all scopes...
2025-01-04 08:00:53.571 [info] Getting sessions for all scopes...
2025-01-04 08:00:53.571 [info] Getting sessions for all scopes...
2025-01-04 08:00:53.571 [info] Getting sessions for all scopes...
2025-01-04 08:00:53.571 [info] Getting sessions for all scopes...
2025-01-04 08:00:53.571 [info] Getting sessions for all scopes...
2025-01-04 08:00:53.571 [info] Getting sessions for all scopes...
2025-01-04 08:00:53.571 [info] Got stored sessions!
2025-01-04 08:00:53.571 [info] Got 2 verified sessions.
2025-01-04 08:00:53.571 [info] Got 2 sessions for ...
2025-01-04 08:00:53.571 [info] Got 2 sessions for ...
2025-01-04 08:00:53.571 [info] Got 2 sessions for ...
2025-01-04 08:00:53.571 [info] Got 2 sessions for ...
2025-01-04 08:00:53.571 [info] Got 2 sessions for ...
2025-01-04 08:00:53.571 [info] Got 2 sessions for ...
2025-01-04 08:00:53.571 [info] Got 2 sessions for ...
2025-01-04 08:00:53.571 [info] Getting sessions for user:email...
2025-01-04 08:00:53.571 [info] Got 1 sessions for user:email...
2025-01-04 08:00:54.833 [info] Getting sessions for all scopes...
2025-01-04 08:00:54.833 [info] Got 2 sessions for ...
2025-01-04 08:01:06.840 [info] Getting sessions for read:user,repo,user:email,workflow...
2025-01-04 08:01:06.840 [info] Got 1 sessions for read:user,repo,user:email,workflow...
2025-01-04 08:01:06.841 [info] Getting sessions for all scopes...
2025-01-04 08:01:06.841 [info] Got 2 sessions for ...
2025-01-04 08:01:06.842 [info] Getting sessions for all scopes...
2025-01-04 08:01:06.842 [info] Got 2 sessions for ...
2025-01-04 08:01:06.959 [info] Getting sessions for read:user,repo,user:email,workflow...
2025-01-04 08:01:06.959 [info] Got 1 sessions for read:user,repo,user:email,workflow...
2025-01-04 08:01:06.970 [info] Getting sessions for all scopes...
2025-01-04 08:01:06.971 [info] Got 2 sessions for ...
2025-01-04 08:01:11.119 [info] Getting sessions for read:user,repo,user:email,workflow...
2025-01-04 08:01:11.119 [info] Got 1 sessions for read:user,repo,user:email,workflow...
2025-01-04 08:01:11.187 [info] Getting sessions for all scopes...
2025-01-04 08:01:11.187 [info] Got 2 sessions for ...
2025-01-04 08:01:11.190 [info] Getting sessions for read:user,repo,user:email,workflow...
2025-01-04 08:01:11.190 [info] Got 1 sessions for read:user,repo,user:email,workflow...
2025-01-04 08:01:12.289 [info] Getting sessions for all scopes...
2025-01-04 08:01:12.289 [info] Got 2 sessions for ...
2025-01-04 08:01:12.291 [info] Getting sessions for all scopes...
2025-01-04 08:01:12.291 [info] Got 2 sessions for ...
2025-01-04 08:01:12.375 [info] Getting sessions for read:user,repo,user:email,workflow...
2025-01-04 08:01:12.376 [info] Got 1 sessions for read:user,repo,user:email,workflow...
2025-01-04 08:01:12.388 [info] Getting sessions for all scopes...
2025-01-04 08:01:12.388 [info] Got 2 sessions for ...
2025-01-04 08:01:12.396 [info] Getting sessions for read:user,repo,user:email,workflow...
2025-01-04 08:01:12.396 [info] Got 1 sessions for read:user,repo,user:email,workflow...
2025-01-04 08:01:12.687 [info] Getting sessions for all scopes...
2025-01-04 08:01:12.688 [info] Got 2 sessions for ...
2025-01-04 08:01:12.717 [info] Getting sessions for read:user,repo,user:email,workflow...
2025-01-04 08:01:12.717 [info] Got 1 sessions for read:user,repo,user:email,workflow...
2025-01-04 08:01:13.012 [info] Getting sessions for read:user,repo,user:email,workflow...
2025-01-04 08:01:13.012 [info] Got 1 sessions for read:user,repo,user:email,workflow...
2025-01-04 08:01:14.688 [info] Getting sessions for all scopes...
2025-01-04 08:01:14.688 [info] Got 2 sessions for ...
2025-01-04 08:01:14.693 [info] Getting sessions for read:user,repo,user:email,workflow...
2025-01-04 08:01:14.693 [info] Got 1 sessions for read:user,repo,user:email,workflow...
2025-01-04 08:05:02.620 [info] Reading sessions from keychain...
2025-01-04 08:05:02.620 [info] Getting sessions for all scopes...
2025-01-04 08:05:02.620 [info] Getting sessions for all scopes...
2025-01-04 08:05:02.620 [info] Got stored sessions!
2025-01-04 08:05:02.620 [info] Got 2 verified sessions.
2025-01-04 08:05:02.620 [info] Got 2 sessions for ...
2025-01-04 08:05:02.620 [info] Got 2 sessions for ...
2025-01-04 08:05:02.620 [info] Getting sessions for all scopes...
2025-01-04 08:05:02.620 [info] Got 2 sessions for ...
2025-01-04 08:05:02.620 [info] Getting sessions for all scopes...
2025-01-04 08:05:02.620 [info] Got 2 sessions for ...
2025-01-04 08:05:02.620 [info] Getting sessions for all scopes...
2025-01-04 08:05:02.620 [info] Got 2 sessions for ...
2025-01-04 08:05:02.620 [info] Getting sessions for all scopes...
2025-01-04 08:05:02.620 [info] Got 2 sessions for ...
2025-01-04 08:05:02.620 [info] Getting sessions for all scopes...
2025-01-04 08:05:02.620 [info] Got 2 sessions for ...
2025-01-04 08:05:02.620 [info] Getting sessions for user:email...
2025-01-04 08:05:02.620 [info] Got 1 sessions for user:email...
2025-01-04 08:05:06.671 [info] Getting sessions for all scopes...
2025-01-04 08:05:06.671 [info] Got 2 sessions for ...
2025-01-04 08:05:07.773 [info] Getting sessions for read:user,repo,user:email,workflow...
2025-01-04 08:05:07.773 [info] Got 1 sessions for read:user,repo,user:email,workflow...
2025-01-04 08:05:07.774 [info] Getting sessions for all scopes...
2025-01-04 08:05:07.774 [info] Got 2 sessions for ...
2025-01-04 08:05:07.774 [info] Getting sessions for all scopes...
2025-01-04 08:05:07.774 [info] Got 2 sessions for ...
2025-01-04 08:05:07.839 [info] Getting sessions for read:user,repo,user:email,workflow...
2025-01-04 08:05:07.839 [info] Got 1 sessions for read:user,repo,user:email,workflow...
2025-01-04 08:05:12.671 [info] Getting sessions for all scopes...
2025-01-04 08:05:12.671 [info] Got 2 sessions for ...
2025-01-04 08:05:13.064 [info] Getting sessions for read:user,repo,user:email,workflow...
2025-01-04 08:05:13.065 [info] Got 1 sessions for read:user,repo,user:email,workflow...
2025-01-04 08:05:13.294 [info] Getting sessions for all scopes...
2025-01-04 08:05:13.294 [info] Got 2 sessions for ...
2025-01-04 08:05:13.358 [info] Getting sessions for read:user,repo,user:email,workflow...
2025-01-04 08:05:13.359 [info] Got 1 sessions for read:user,repo,user:email,workflow...
2025-01-04 08:05:14.342 [info] Getting sessions for all scopes...
2025-01-04 08:05:14.342 [info] Got 2 sessions for ...
2025-01-04 08:05:14.343 [info] Getting sessions for all scopes...
2025-01-04 08:05:14.343 [info] Got 2 sessions for ...
2025-01-04 08:05:14.368 [info] Getting sessions for read:user,repo,user:email,workflow...
2025-01-04 08:05:14.368 [info] Got 1 sessions for read:user,repo,user:email,workflow...
2025-01-04 08:05:14.373 [info] Getting sessions for all scopes...
2025-01-04 08:05:14.373 [info] Got 2 sessions for ...
2025-01-04 08:05:14.375 [info] Getting sessions for read:user,repo,user:email,workflow...
2025-01-04 08:05:14.376 [info] Got 1 sessions for read:user,repo,user:email,workflow...
2025-01-04 08:05:14.644 [info] Getting sessions for all scopes...
2025-01-04 08:05:14.645 [info] Got 2 sessions for ...
2025-01-04 08:05:14.782 [info] Getting sessions for read:user,repo,user:email,workflow...
2025-01-04 08:05:14.782 [info] Got 1 sessions for read:user,repo,user:email,workflow...
2025-01-04 08:05:14.866 [info] Getting sessions for read:user,repo,user:email,workflow...
2025-01-04 08:05:14.866 [info] Got 1 sessions for read:user,repo,user:email,workflow...
2025-01-04 08:05:16.241 [info] Getting sessions for all scopes...
2025-01-04 08:05:16.241 [info] Got 2 sessions for ...
2025-01-04 08:05:16.248 [info] Getting sessions for read:user,repo,user:email,workflow...
2025-01-04 08:05:16.248 [info] Got 1 sessions for read:user,repo,user:email,workflow...
2025-01-04 08:09:38.131 [info] Getting sessions for read:user,repo,user:email,workflow...
2025-01-04 08:09:38.131 [info] Got 1 sessions for read:user,repo,user:email,workflow...
