2025-01-02 20:11:08.585 [info] Reading sessions from keychain...
2025-01-02 20:11:08.585 [info] Getting sessions for all scopes...
2025-01-02 20:11:08.585 [info] Getting sessions for all scopes...
2025-01-02 20:11:08.585 [info] Got stored sessions!
2025-01-02 20:11:08.585 [info] Got 2 verified sessions.
2025-01-02 20:11:08.585 [info] Got 2 sessions for ...
2025-01-02 20:11:08.585 [info] Got 2 sessions for ...
2025-01-02 20:11:08.728 [info] Getting sessions for user:email...
2025-01-02 20:11:08.729 [info] Got 1 sessions for user:email...
2025-01-02 20:11:08.741 [info] Getting sessions for all scopes...
2025-01-02 20:11:08.741 [info] Got 2 sessions for ...
2025-01-02 20:11:08.742 [info] Getting sessions for all scopes...
2025-01-02 20:11:08.742 [info] Got 2 sessions for ...
2025-01-02 20:11:08.746 [info] Getting sessions for all scopes...
2025-01-02 20:11:08.746 [info] Got 2 sessions for ...
2025-01-02 20:11:08.747 [info] Getting sessions for all scopes...
2025-01-02 20:11:08.747 [info] Got 2 sessions for ...
2025-01-02 20:11:08.751 [info] Getting sessions for all scopes...
2025-01-02 20:11:08.751 [info] Got 2 sessions for ...
2025-01-02 20:11:26.315 [info] Getting sessions for read:user,repo,user:email,workflow...
2025-01-02 20:11:26.315 [info] Got 1 sessions for read:user,repo,user:email,workflow...
2025-01-02 20:11:26.316 [info] Getting sessions for all scopes...
2025-01-02 20:11:26.316 [info] Got 2 sessions for ...
2025-01-02 20:11:26.317 [info] Getting sessions for all scopes...
2025-01-02 20:11:26.317 [info] Got 2 sessions for ...
2025-01-02 20:11:33.307 [info] Getting sessions for read:user,repo,user:email,workflow...
2025-01-02 20:11:33.308 [info] Got 1 sessions for read:user,repo,user:email,workflow...
2025-01-02 20:11:33.555 [info] Getting sessions for all scopes...
2025-01-02 20:11:33.555 [info] Got 2 sessions for ...
2025-01-02 20:11:33.561 [info] Getting sessions for all scopes...
2025-01-02 20:11:33.561 [info] Got 2 sessions for ...
2025-01-02 20:11:33.597 [info] Getting sessions for read:user,repo,user:email,workflow...
2025-01-02 20:11:33.597 [info] Got 1 sessions for read:user,repo,user:email,workflow...
2025-01-02 20:11:34.662 [info] Getting sessions for all scopes...
2025-01-02 20:11:34.662 [info] Got 2 sessions for ...
2025-01-02 20:11:34.664 [info] Getting sessions for all scopes...
2025-01-02 20:11:34.664 [info] Got 2 sessions for ...
2025-01-02 20:11:34.709 [info] Getting sessions for read:user,repo,user:email,workflow...
2025-01-02 20:11:34.709 [info] Got 1 sessions for read:user,repo,user:email,workflow...
2025-01-02 20:11:34.724 [info] Getting sessions for all scopes...
2025-01-02 20:11:34.724 [info] Got 2 sessions for ...
2025-01-02 20:11:34.735 [info] Getting sessions for read:user,repo,user:email,workflow...
2025-01-02 20:11:34.735 [info] Got 1 sessions for read:user,repo,user:email,workflow...
2025-01-02 20:11:35.002 [info] Getting sessions for all scopes...
2025-01-02 20:11:35.002 [info] Got 2 sessions for ...
2025-01-02 20:11:35.027 [info] Getting sessions for read:user,repo,user:email,workflow...
2025-01-02 20:11:35.028 [info] Got 1 sessions for read:user,repo,user:email,workflow...
2025-01-02 20:11:35.287 [info] Getting sessions for read:user,repo,user:email,workflow...
2025-01-02 20:11:35.287 [info] Got 1 sessions for read:user,repo,user:email,workflow...
2025-01-02 20:11:36.868 [info] Getting sessions for all scopes...
2025-01-02 20:11:36.868 [info] Got 2 sessions for ...
2025-01-02 20:11:36.872 [info] Getting sessions for read:user,repo,user:email,workflow...
2025-01-02 20:11:36.872 [info] Got 1 sessions for read:user,repo,user:email,workflow...
2025-01-02 20:17:09.790 [info] Getting sessions for all scopes...
2025-01-02 20:17:09.790 [info] Got 2 sessions for ...
2025-01-02 20:17:09.794 [info] Getting sessions for read:user,repo,user:email,workflow...
2025-01-02 20:17:09.794 [info] Got 1 sessions for read:user,repo,user:email,workflow...
2025-01-02 20:17:12.524 [info] Getting sessions for all scopes...
2025-01-02 20:17:12.524 [info] Got 2 sessions for ...
2025-01-02 20:17:12.533 [info] Getting sessions for read:user,repo,user:email,workflow...
2025-01-02 20:17:12.533 [info] Got 1 sessions for read:user,repo,user:email,workflow...
2025-01-02 20:17:15.316 [info] Getting sessions for all scopes...
2025-01-02 20:17:15.316 [info] Got 2 sessions for ...
2025-01-02 20:17:15.989 [info] Getting sessions for read:user,repo,user:email,workflow...
2025-01-02 20:17:15.990 [info] Got 1 sessions for read:user,repo,user:email,workflow...
2025-01-02 20:17:17.394 [info] Getting sessions for all scopes...
2025-01-02 20:17:17.394 [info] Got 2 sessions for ...
2025-01-02 20:17:17.404 [info] Getting sessions for read:user,repo,user:email,workflow...
2025-01-02 20:17:17.404 [info] Got 1 sessions for read:user,repo,user:email,workflow...
2025-01-02 20:26:36.884 [info] Getting sessions for all scopes...
2025-01-02 20:26:36.886 [info] Got 2 sessions for ...
2025-01-02 20:26:36.898 [info] Getting sessions for read:user,repo,user:email,workflow...
2025-01-02 20:26:36.898 [info] Got 1 sessions for read:user,repo,user:email,workflow...
2025-01-02 20:26:37.099 [info] Getting sessions for all scopes...
2025-01-02 20:26:37.100 [info] Got 2 sessions for ...
2025-01-02 20:26:37.104 [info] Getting sessions for read:user,repo,user:email,workflow...
2025-01-02 20:26:37.104 [info] Got 1 sessions for read:user,repo,user:email,workflow...
2025-01-02 20:36:34.049 [info] Getting sessions for read:user,repo,user:email,workflow...
2025-01-02 20:36:34.049 [info] Got 1 sessions for read:user,repo,user:email,workflow...
2025-01-02 20:36:34.635 [info] Getting sessions for all scopes...
2025-01-02 20:36:34.635 [info] Got 2 sessions for ...
2025-01-02 20:36:34.637 [info] Getting sessions for read:user,repo,user:email,workflow...
2025-01-02 20:36:34.637 [info] Got 1 sessions for read:user,repo,user:email,workflow...
2025-01-02 20:36:35.668 [info] Getting sessions for all scopes...
2025-01-02 20:36:35.668 [info] Got 2 sessions for ...
2025-01-02 20:36:35.668 [info] Getting sessions for all scopes...
2025-01-02 20:36:35.668 [info] Got 2 sessions for ...
2025-01-02 20:36:35.670 [info] Getting sessions for read:user,repo,user:email,workflow...
2025-01-02 20:36:35.670 [info] Got 1 sessions for read:user,repo,user:email,workflow...
2025-01-02 20:36:35.673 [info] Getting sessions for all scopes...
2025-01-02 20:36:35.673 [info] Got 2 sessions for ...
2025-01-02 20:36:35.675 [info] Getting sessions for read:user,repo,user:email,workflow...
2025-01-02 20:36:35.675 [info] Got 1 sessions for read:user,repo,user:email,workflow...
2025-01-02 20:36:35.685 [info] Getting sessions for all scopes...
2025-01-02 20:36:35.685 [info] Got 2 sessions for ...
2025-01-02 20:36:35.688 [info] Getting sessions for read:user,repo,user:email,workflow...
2025-01-02 20:36:35.688 [info] Got 1 sessions for read:user,repo,user:email,workflow...
2025-01-02 20:51:35.705 [info] Getting sessions for all scopes...
2025-01-02 20:51:35.705 [info] Got 2 sessions for ...
2025-01-02 20:51:35.713 [info] Getting sessions for read:user,repo,user:email,workflow...
2025-01-02 20:51:35.713 [info] Got 1 sessions for read:user,repo,user:email,workflow...
2025-01-02 20:51:35.723 [info] Getting sessions for all scopes...
2025-01-02 20:51:35.723 [info] Got 2 sessions for ...
2025-01-02 20:51:35.733 [info] Getting sessions for read:user,repo,user:email,workflow...
2025-01-02 20:51:35.733 [info] Got 1 sessions for read:user,repo,user:email,workflow...
2025-01-02 21:01:34.709 [info] Getting sessions for read:user,repo,user:email,workflow...
2025-01-02 21:01:34.710 [info] Got 1 sessions for read:user,repo,user:email,workflow...
2025-01-02 21:01:35.671 [info] Getting sessions for all scopes...
2025-01-02 21:01:35.671 [info] Got 2 sessions for ...
2025-01-02 21:01:35.678 [info] Getting sessions for read:user,repo,user:email,workflow...
2025-01-02 21:01:35.678 [info] Got 1 sessions for read:user,repo,user:email,workflow...
2025-01-02 21:01:36.757 [info] Getting sessions for all scopes...
2025-01-02 21:01:36.757 [info] Got 2 sessions for ...
2025-01-02 21:01:36.758 [info] Getting sessions for all scopes...
2025-01-02 21:01:36.758 [info] Got 2 sessions for ...
2025-01-02 21:01:36.764 [info] Getting sessions for read:user,repo,user:email,workflow...
2025-01-02 21:01:36.764 [info] Got 1 sessions for read:user,repo,user:email,workflow...
2025-01-02 21:01:36.772 [info] Getting sessions for all scopes...
2025-01-02 21:01:36.772 [info] Got 2 sessions for ...
2025-01-02 21:01:36.778 [info] Getting sessions for read:user,repo,user:email,workflow...
2025-01-02 21:01:36.778 [info] Got 1 sessions for read:user,repo,user:email,workflow...
2025-01-02 21:01:36.799 [info] Getting sessions for all scopes...
2025-01-02 21:01:36.799 [info] Got 2 sessions for ...
2025-01-02 21:01:36.807 [info] Getting sessions for read:user,repo,user:email,workflow...
2025-01-02 21:01:36.807 [info] Got 1 sessions for read:user,repo,user:email,workflow...
2025-01-02 21:16:36.829 [info] Getting sessions for all scopes...
2025-01-02 21:16:36.829 [info] Got 2 sessions for ...
2025-01-02 21:16:36.836 [info] Getting sessions for read:user,repo,user:email,workflow...
2025-01-02 21:16:36.836 [info] Got 1 sessions for read:user,repo,user:email,workflow...
2025-01-02 21:16:36.845 [info] Getting sessions for all scopes...
2025-01-02 21:16:36.845 [info] Got 2 sessions for ...
2025-01-02 21:16:36.852 [info] Getting sessions for read:user,repo,user:email,workflow...
2025-01-02 21:16:36.852 [info] Got 1 sessions for read:user,repo,user:email,workflow...
2025-01-02 21:26:35.418 [info] Getting sessions for read:user,repo,user:email,workflow...
2025-01-02 21:26:35.418 [info] Got 1 sessions for read:user,repo,user:email,workflow...
2025-01-02 21:26:36.759 [info] Getting sessions for all scopes...
2025-01-02 21:26:36.759 [info] Got 2 sessions for ...
2025-01-02 21:26:36.767 [info] Getting sessions for read:user,repo,user:email,workflow...
2025-01-02 21:26:36.767 [info] Got 1 sessions for read:user,repo,user:email,workflow...
2025-01-02 21:26:37.761 [info] Getting sessions for all scopes...
2025-01-02 21:26:37.762 [info] Got 2 sessions for ...
2025-01-02 21:26:37.763 [info] Getting sessions for all scopes...
2025-01-02 21:26:37.763 [info] Got 2 sessions for ...
2025-01-02 21:26:37.768 [info] Getting sessions for read:user,repo,user:email,workflow...
2025-01-02 21:26:37.769 [info] Got 1 sessions for read:user,repo,user:email,workflow...
2025-01-02 21:26:37.777 [info] Getting sessions for all scopes...
2025-01-02 21:26:37.777 [info] Got 2 sessions for ...
2025-01-02 21:26:37.789 [info] Getting sessions for read:user,repo,user:email,workflow...
2025-01-02 21:26:37.789 [info] Got 1 sessions for read:user,repo,user:email,workflow...
2025-01-02 21:26:37.815 [info] Getting sessions for all scopes...
2025-01-02 21:26:37.815 [info] Got 2 sessions for ...
2025-01-02 21:26:37.822 [info] Getting sessions for read:user,repo,user:email,workflow...
2025-01-02 21:26:37.822 [info] Got 1 sessions for read:user,repo,user:email,workflow...
2025-01-02 21:41:37.847 [info] Getting sessions for all scopes...
2025-01-02 21:41:37.848 [info] Got 2 sessions for ...
2025-01-02 21:41:37.860 [info] Getting sessions for read:user,repo,user:email,workflow...
2025-01-02 21:41:37.860 [info] Got 1 sessions for read:user,repo,user:email,workflow...
2025-01-02 21:41:37.870 [info] Getting sessions for all scopes...
2025-01-02 21:41:37.870 [info] Got 2 sessions for ...
2025-01-02 21:41:37.876 [info] Getting sessions for read:user,repo,user:email,workflow...
2025-01-02 21:41:37.876 [info] Got 1 sessions for read:user,repo,user:email,workflow...
2025-01-02 21:51:36.433 [info] Getting sessions for read:user,repo,user:email,workflow...
2025-01-02 21:51:36.433 [info] Got 1 sessions for read:user,repo,user:email,workflow...
2025-01-02 21:51:37.762 [info] Getting sessions for all scopes...
2025-01-02 21:51:37.763 [info] Got 2 sessions for ...
2025-01-02 21:51:37.778 [info] Getting sessions for read:user,repo,user:email,workflow...
2025-01-02 21:51:37.779 [info] Got 1 sessions for read:user,repo,user:email,workflow...
2025-01-02 21:51:38.733 [info] Getting sessions for all scopes...
2025-01-02 21:51:38.733 [info] Got 2 sessions for ...
2025-01-02 21:51:38.735 [info] Getting sessions for all scopes...
2025-01-02 21:51:38.735 [info] Got 2 sessions for ...
2025-01-02 21:51:38.741 [info] Getting sessions for read:user,repo,user:email,workflow...
2025-01-02 21:51:38.742 [info] Got 1 sessions for read:user,repo,user:email,workflow...
2025-01-02 21:51:38.749 [info] Getting sessions for all scopes...
2025-01-02 21:51:38.750 [info] Got 2 sessions for ...
2025-01-02 21:51:38.757 [info] Getting sessions for read:user,repo,user:email,workflow...
2025-01-02 21:51:38.757 [info] Got 1 sessions for read:user,repo,user:email,workflow...
2025-01-02 21:51:38.789 [info] Getting sessions for all scopes...
2025-01-02 21:51:38.789 [info] Got 2 sessions for ...
2025-01-02 21:51:38.796 [info] Getting sessions for read:user,repo,user:email,workflow...
2025-01-02 21:51:38.796 [info] Got 1 sessions for read:user,repo,user:email,workflow...
2025-01-02 22:06:38.813 [info] Getting sessions for all scopes...
2025-01-02 22:06:38.813 [info] Got 2 sessions for ...
2025-01-02 22:06:38.822 [info] Getting sessions for read:user,repo,user:email,workflow...
2025-01-02 22:06:38.822 [info] Got 1 sessions for read:user,repo,user:email,workflow...
2025-01-02 22:06:38.832 [info] Getting sessions for all scopes...
2025-01-02 22:06:38.832 [info] Got 2 sessions for ...
2025-01-02 22:06:38.841 [info] Getting sessions for read:user,repo,user:email,workflow...
2025-01-02 22:06:38.841 [info] Got 1 sessions for read:user,repo,user:email,workflow...
2025-01-02 22:16:37.087 [info] Getting sessions for read:user,repo,user:email,workflow...
2025-01-02 22:16:37.087 [info] Got 1 sessions for read:user,repo,user:email,workflow...
2025-01-02 22:16:38.735 [info] Getting sessions for all scopes...
2025-01-02 22:16:38.735 [info] Got 2 sessions for ...
2025-01-02 22:16:38.741 [info] Getting sessions for read:user,repo,user:email,workflow...
2025-01-02 22:16:38.741 [info] Got 1 sessions for read:user,repo,user:email,workflow...
2025-01-02 22:16:39.692 [info] Getting sessions for all scopes...
2025-01-02 22:16:39.692 [info] Got 2 sessions for ...
2025-01-02 22:16:39.693 [info] Getting sessions for all scopes...
2025-01-02 22:16:39.693 [info] Got 2 sessions for ...
2025-01-02 22:16:39.696 [info] Getting sessions for read:user,repo,user:email,workflow...
2025-01-02 22:16:39.696 [info] Got 1 sessions for read:user,repo,user:email,workflow...
2025-01-02 22:16:39.699 [info] Getting sessions for all scopes...
2025-01-02 22:16:39.699 [info] Got 2 sessions for ...
2025-01-02 22:16:39.701 [info] Getting sessions for read:user,repo,user:email,workflow...
2025-01-02 22:16:39.701 [info] Got 1 sessions for read:user,repo,user:email,workflow...
2025-01-02 22:16:39.707 [info] Getting sessions for all scopes...
2025-01-02 22:16:39.707 [info] Got 2 sessions for ...
2025-01-02 22:16:39.709 [info] Getting sessions for read:user,repo,user:email,workflow...
2025-01-02 22:16:39.709 [info] Got 1 sessions for read:user,repo,user:email,workflow...
2025-01-02 22:31:39.716 [info] Getting sessions for all scopes...
2025-01-02 22:31:39.716 [info] Got 2 sessions for ...
2025-01-02 22:31:39.719 [info] Getting sessions for read:user,repo,user:email,workflow...
2025-01-02 22:31:39.719 [info] Got 1 sessions for read:user,repo,user:email,workflow...
2025-01-02 22:31:39.722 [info] Getting sessions for all scopes...
2025-01-02 22:31:39.722 [info] Got 2 sessions for ...
2025-01-02 22:31:39.725 [info] Getting sessions for read:user,repo,user:email,workflow...
2025-01-02 22:31:39.726 [info] Got 1 sessions for read:user,repo,user:email,workflow...
2025-01-02 22:41:37.743 [info] Getting sessions for read:user,repo,user:email,workflow...
2025-01-02 22:41:37.743 [info] Got 1 sessions for read:user,repo,user:email,workflow...
2025-01-02 22:41:39.690 [info] Getting sessions for all scopes...
2025-01-02 22:41:39.690 [info] Got 2 sessions for ...
2025-01-02 22:41:39.694 [info] Getting sessions for read:user,repo,user:email,workflow...
2025-01-02 22:41:39.694 [info] Got 1 sessions for read:user,repo,user:email,workflow...
2025-01-02 22:41:40.803 [info] Getting sessions for all scopes...
2025-01-02 22:41:40.803 [info] Got 2 sessions for ...
2025-01-02 22:41:40.805 [info] Getting sessions for all scopes...
2025-01-02 22:41:40.805 [info] Got 2 sessions for ...
2025-01-02 22:41:40.811 [info] Getting sessions for read:user,repo,user:email,workflow...
2025-01-02 22:41:40.812 [info] Got 1 sessions for read:user,repo,user:email,workflow...
2025-01-02 22:41:40.821 [info] Getting sessions for all scopes...
2025-01-02 22:41:40.821 [info] Got 2 sessions for ...
2025-01-02 22:41:40.827 [info] Getting sessions for read:user,repo,user:email,workflow...
2025-01-02 22:41:40.828 [info] Got 1 sessions for read:user,repo,user:email,workflow...
2025-01-02 22:41:40.862 [info] Getting sessions for all scopes...
2025-01-02 22:41:40.863 [info] Got 2 sessions for ...
2025-01-02 22:41:40.867 [info] Getting sessions for read:user,repo,user:email,workflow...
2025-01-02 22:41:40.867 [info] Got 1 sessions for read:user,repo,user:email,workflow...
2025-01-02 22:41:40.874 [info] Getting sessions for all scopes...
2025-01-02 22:41:40.874 [info] Got 2 sessions for ...
2025-01-02 22:41:40.877 [info] Getting sessions for read:user,repo,user:email,workflow...
2025-01-02 22:41:40.877 [info] Got 1 sessions for read:user,repo,user:email,workflow...
2025-01-02 22:56:41.891 [info] Getting sessions for all scopes...
2025-01-02 22:56:41.891 [info] Got 2 sessions for ...
2025-01-02 22:56:41.898 [info] Getting sessions for read:user,repo,user:email,workflow...
2025-01-02 22:56:41.898 [info] Got 1 sessions for read:user,repo,user:email,workflow...
2025-01-02 22:56:41.906 [info] Getting sessions for all scopes...
2025-01-02 22:56:41.906 [info] Got 2 sessions for ...
2025-01-02 22:56:41.913 [info] Getting sessions for read:user,repo,user:email,workflow...
2025-01-02 22:56:41.913 [info] Got 1 sessions for read:user,repo,user:email,workflow...
