2025-01-02 13:03:31.550 [info] Reading sessions from keychain...
2025-01-02 13:03:31.550 [info] Getting sessions for all scopes...
2025-01-02 13:03:31.550 [info] Getting sessions for all scopes...
2025-01-02 13:03:31.550 [info] Getting sessions for all scopes...
2025-01-02 13:03:31.550 [info] Getting sessions for all scopes...
2025-01-02 13:03:31.550 [info] Getting sessions for all scopes...
2025-01-02 13:03:31.550 [info] Getting sessions for all scopes...
2025-01-02 13:03:31.633 [info] Got stored sessions!
2025-01-02 13:03:31.633 [info] Got 1 verified sessions.
2025-01-02 13:03:31.633 [info] Got 1 sessions for ...
2025-01-02 13:03:31.633 [info] Got 1 sessions for ...
2025-01-02 13:03:31.633 [info] Got 1 sessions for ...
2025-01-02 13:03:31.633 [info] Got 1 sessions for ...
2025-01-02 13:03:31.633 [info] Got 1 sessions for ...
2025-01-02 13:03:31.633 [info] Got 1 sessions for ...
2025-01-02 13:03:35.904 [info] Getting sessions for user:email...
2025-01-02 13:03:35.904 [info] Got 1 sessions for user:email...
2025-01-02 13:03:35.979 [info] Getting sessions for all scopes...
2025-01-02 13:03:35.979 [info] Got 1 sessions for ...
2025-01-02 13:03:36.973 [info] Getting sessions for read:user,repo,user:email,workflow...
2025-01-02 13:03:36.973 [info] Got 0 sessions for read:user,repo,user:email,workflow...
2025-01-02 13:03:37.308 [info] Getting sessions for all scopes...
2025-01-02 13:03:37.308 [info] Got 1 sessions for ...
2025-01-02 13:03:37.309 [info] Getting sessions for all scopes...
2025-01-02 13:03:37.309 [info] Got 1 sessions for ...
2025-01-02 13:03:37.586 [info] Getting sessions for read:user...
2025-01-02 13:03:37.586 [info] Got 0 sessions for read:user...
2025-01-02 13:03:37.588 [info] Getting sessions for read:user,repo,user:email,workflow...
2025-01-02 13:03:37.588 [info] Got 0 sessions for read:user,repo,user:email,workflow...
2025-01-02 13:03:37.761 [info] Getting sessions for user:email...
2025-01-02 13:03:37.761 [info] Got 1 sessions for user:email...
2025-01-02 13:03:37.761 [info] Getting sessions for user:email...
2025-01-02 13:03:37.761 [info] Got 1 sessions for user:email...
2025-01-02 13:03:37.783 [info] Getting sessions for all scopes...
2025-01-02 13:03:37.783 [info] Got 1 sessions for ...
2025-01-02 13:03:40.954 [info] Getting sessions for read:user,repo,user:email,workflow...
2025-01-02 13:03:40.954 [info] Got 0 sessions for read:user,repo,user:email,workflow...
2025-01-02 13:03:40.955 [info] Getting sessions for read:user,repo,user:email,workflow...
2025-01-02 13:03:40.955 [info] Got 0 sessions for read:user,repo,user:email,workflow...
2025-01-02 13:03:41.293 [info] Getting sessions for user:email...
2025-01-02 13:03:41.293 [info] Got 1 sessions for user:email...
2025-01-02 13:03:41.429 [info] Getting sessions for all scopes...
2025-01-02 13:03:41.429 [info] Got 1 sessions for ...
2025-01-02 13:03:41.547 [info] Getting sessions for all scopes...
2025-01-02 13:03:41.547 [info] Got 1 sessions for ...
2025-01-02 13:03:41.590 [info] Getting sessions for read:user,repo,user:email,workflow...
2025-01-02 13:03:41.590 [info] Got 0 sessions for read:user,repo,user:email,workflow...
2025-01-02 13:03:41.684 [info] Getting sessions for user:email...
2025-01-02 13:03:41.684 [info] Got 1 sessions for user:email...
2025-01-02 13:03:41.685 [info] Getting sessions for all scopes...
2025-01-02 13:03:41.685 [info] Got 1 sessions for ...
2025-01-02 13:03:41.759 [info] Getting sessions for read:user,repo,user:email,workflow...
2025-01-02 13:03:41.759 [info] Got 0 sessions for read:user,repo,user:email,workflow...
2025-01-02 13:03:41.790 [info] Getting sessions for user:email...
2025-01-02 13:03:41.790 [info] Got 1 sessions for user:email...
2025-01-02 13:03:42.471 [info] Getting sessions for read:user,repo,user:email,workflow...
2025-01-02 13:03:42.471 [info] Got 0 sessions for read:user,repo,user:email,workflow...
2025-01-02 13:03:42.514 [info] Getting sessions for read:user...
2025-01-02 13:03:42.514 [info] Got 0 sessions for read:user...
2025-01-02 13:03:42.529 [info] Getting sessions for user:email...
2025-01-02 13:03:42.529 [info] Got 1 sessions for user:email...
2025-01-02 13:03:42.639 [info] Getting sessions for all scopes...
2025-01-02 13:03:42.639 [info] Got 1 sessions for ...
2025-01-02 13:03:42.639 [info] Getting sessions for all scopes...
2025-01-02 13:03:42.639 [info] Got 1 sessions for ...
2025-01-02 13:03:42.712 [info] Getting sessions for read:user,repo,user:email,workflow...
2025-01-02 13:03:42.712 [info] Got 0 sessions for read:user,repo,user:email,workflow...
2025-01-02 13:03:42.720 [info] Getting sessions for user:email...
2025-01-02 13:03:42.720 [info] Got 1 sessions for user:email...
2025-01-02 13:03:42.727 [info] Getting sessions for all scopes...
2025-01-02 13:03:42.728 [info] Got 1 sessions for ...
2025-01-02 13:03:42.731 [info] Getting sessions for read:user,repo,user:email,workflow...
2025-01-02 13:03:42.731 [info] Got 0 sessions for read:user,repo,user:email,workflow...
2025-01-02 13:03:42.734 [info] Getting sessions for user:email...
2025-01-02 13:03:42.734 [info] Got 1 sessions for user:email...
2025-01-02 13:03:42.923 [info] Getting sessions for all scopes...
2025-01-02 13:03:42.923 [info] Got 1 sessions for ...
2025-01-02 13:03:42.950 [info] Getting sessions for read:user,repo,user:email,workflow...
2025-01-02 13:03:42.950 [info] Got 0 sessions for read:user,repo,user:email,workflow...
2025-01-02 13:03:42.954 [info] Getting sessions for user:email...
2025-01-02 13:03:42.954 [info] Got 1 sessions for user:email...
2025-01-02 13:03:44.351 [info] Getting sessions for all scopes...
2025-01-02 13:03:44.351 [info] Got 1 sessions for ...
2025-01-02 13:03:44.354 [info] Getting sessions for read:user,repo,user:email,workflow...
2025-01-02 13:03:44.354 [info] Got 0 sessions for read:user,repo,user:email,workflow...
2025-01-02 13:03:44.356 [info] Getting sessions for user:email...
2025-01-02 13:03:44.356 [info] Got 1 sessions for user:email...
2025-01-02 13:25:20.150 [info] Getting sessions for all scopes...
2025-01-02 13:25:20.150 [info] Got 1 sessions for ...
2025-01-02 13:25:20.159 [info] Getting sessions for read:user,repo,user:email,workflow...
2025-01-02 13:25:20.160 [info] Got 0 sessions for read:user,repo,user:email,workflow...
2025-01-02 13:25:20.167 [info] Getting sessions for user:email...
2025-01-02 13:25:20.167 [info] Got 1 sessions for user:email...
2025-01-02 13:25:20.174 [info] Getting sessions for all scopes...
2025-01-02 13:25:20.174 [info] Got 1 sessions for ...
2025-01-02 13:25:20.176 [info] Getting sessions for read:user,repo,user:email,workflow...
2025-01-02 13:25:20.177 [info] Got 0 sessions for read:user,repo,user:email,workflow...
2025-01-02 13:25:20.179 [info] Getting sessions for user:email...
2025-01-02 13:25:20.179 [info] Got 1 sessions for user:email...
2025-01-02 13:27:31.485 [info] Getting sessions for read:user,repo,user:email,workflow...
2025-01-02 13:27:31.485 [info] Got 0 sessions for read:user,repo,user:email,workflow...
2025-01-02 13:27:33.612 [info] Logging in with 'any' account...
2025-01-02 13:27:33.612 [info] Logging in for the following scopes: read:user repo user:email workflow
2025-01-02 13:27:33.622 [info] Trying without local server... (read:user repo user:email workflow)
2025-01-02 13:27:47.618 [info] Exchanging code for token...
2025-01-02 13:27:48.105 [info] Token exchange success!
2025-01-02 13:27:48.108 [info] Getting user info...
2025-01-02 13:27:48.718 [info] Got account info!
2025-01-02 13:27:48.720 [info] Storing 2 sessions...
2025-01-02 13:27:48.728 [info] Reading sessions from keychain...
2025-01-02 13:27:48.728 [info] Stored 2 sessions!
2025-01-02 13:27:48.730 [info] Login success!
2025-01-02 13:27:48.733 [info] Getting sessions for all scopes...
2025-01-02 13:27:48.737 [info] Getting sessions for user:email...
2025-01-02 13:27:48.738 [info] Got stored sessions!
2025-01-02 13:27:48.738 [info] Got 2 verified sessions.
2025-01-02 13:27:48.738 [info] Got 2 sessions for ...
2025-01-02 13:27:48.738 [info] Got 1 sessions for user:email...
2025-01-02 13:27:48.739 [info] Getting sessions for all scopes...
2025-01-02 13:27:48.739 [info] Got 2 sessions for ...
2025-01-02 13:27:48.742 [info] Getting sessions for user:email...
2025-01-02 13:27:48.742 [info] Got 1 sessions for user:email...
2025-01-02 13:27:48.856 [info] Getting sessions for all scopes...
2025-01-02 13:27:48.856 [info] Got 2 sessions for ...
2025-01-02 13:27:48.857 [info] Getting sessions for all scopes...
2025-01-02 13:27:48.857 [info] Got 2 sessions for ...
2025-01-02 13:27:48.857 [info] Getting sessions for read:user,repo,user:email,workflow...
2025-01-02 13:27:48.857 [info] Got 1 sessions for read:user,repo,user:email,workflow...
2025-01-02 13:27:48.868 [info] Getting sessions for read:user,repo,user:email,workflow...
2025-01-02 13:27:48.868 [info] Got 1 sessions for read:user,repo,user:email,workflow...
2025-01-02 13:27:48.872 [info] Getting sessions for all scopes...
2025-01-02 13:27:48.872 [info] Got 2 sessions for ...
2025-01-02 13:27:48.875 [info] Getting sessions for read:user,repo,user:email,workflow...
2025-01-02 13:27:48.875 [info] Got 1 sessions for read:user,repo,user:email,workflow...
2025-01-02 13:27:48.877 [info] Getting sessions for all scopes...
2025-01-02 13:27:48.877 [info] Got 2 sessions for ...
2025-01-02 13:27:48.880 [info] Getting sessions for read:user,repo,user:email,workflow...
2025-01-02 13:27:48.880 [info] Got 1 sessions for read:user,repo,user:email,workflow...
2025-01-02 13:27:49.854 [info] Getting sessions for all scopes...
2025-01-02 13:27:49.854 [info] Got 2 sessions for ...
2025-01-02 13:27:49.855 [info] Getting sessions for all scopes...
2025-01-02 13:27:49.855 [info] Got 2 sessions for ...
2025-01-02 13:27:49.862 [info] Getting sessions for read:user,repo,user:email,workflow...
2025-01-02 13:27:49.862 [info] Got 1 sessions for read:user,repo,user:email,workflow...
2025-01-02 13:27:49.867 [info] Getting sessions for all scopes...
2025-01-02 13:27:49.867 [info] Got 2 sessions for ...
2025-01-02 13:27:49.872 [info] Getting sessions for read:user,repo,user:email,workflow...
2025-01-02 13:27:49.872 [info] Got 1 sessions for read:user,repo,user:email,workflow...
2025-01-02 13:27:49.886 [info] Getting sessions for all scopes...
2025-01-02 13:27:49.886 [info] Got 2 sessions for ...
2025-01-02 13:27:49.891 [info] Getting sessions for read:user,repo,user:email,workflow...
2025-01-02 13:27:49.891 [info] Got 1 sessions for read:user,repo,user:email,workflow...
2025-01-02 13:31:50.381 [info] Getting sessions for read:user,repo,user:email,workflow...
2025-01-02 13:31:50.382 [info] Got 1 sessions for read:user,repo,user:email,workflow...
2025-01-02 13:35:17.272 [info] Getting sessions for read:user,repo,user:email,workflow...
2025-01-02 13:35:17.272 [info] Got 1 sessions for read:user,repo,user:email,workflow...
