2025-01-02 12:21:43.389 [info] Reading sessions from keychain...
2025-01-02 12:21:43.389 [info] Getting sessions for all scopes...
2025-01-02 12:21:43.389 [info] Getting sessions for all scopes...
2025-01-02 12:21:43.389 [info] Got stored sessions!
2025-01-02 12:21:43.389 [info] Got 1 verified sessions.
2025-01-02 12:21:43.389 [info] Got 1 sessions for ...
2025-01-02 12:21:43.390 [info] Got 1 sessions for ...
2025-01-02 12:21:43.390 [info] Getting sessions for user:email...
2025-01-02 12:21:43.390 [info] Got 1 sessions for user:email...
2025-01-02 12:21:43.390 [info] Getting sessions for all scopes...
2025-01-02 12:21:43.390 [info] Got 1 sessions for ...
2025-01-02 12:21:43.390 [info] Getting sessions for all scopes...
2025-01-02 12:21:43.390 [info] Got 1 sessions for ...
2025-01-02 12:21:43.390 [info] Getting sessions for all scopes...
2025-01-02 12:21:43.390 [info] Got 1 sessions for ...
2025-01-02 12:21:43.390 [info] Getting sessions for all scopes...
2025-01-02 12:21:43.390 [info] Got 1 sessions for ...
2025-01-02 12:21:43.390 [info] Getting sessions for all scopes...
2025-01-02 12:21:43.390 [info] Got 1 sessions for ...
2025-01-02 12:21:50.118 [info] Getting sessions for read:user,repo,user:email,workflow...
2025-01-02 12:21:50.118 [info] Got 0 sessions for read:user,repo,user:email,workflow...
2025-01-02 12:21:50.119 [info] Getting sessions for all scopes...
2025-01-02 12:21:50.119 [info] Got 1 sessions for ...
2025-01-02 12:21:50.120 [info] Getting sessions for all scopes...
2025-01-02 12:21:50.120 [info] Got 1 sessions for ...
2025-01-02 12:21:50.146 [info] Getting sessions for read:user...
2025-01-02 12:21:50.146 [info] Got 0 sessions for read:user...
2025-01-02 12:21:50.166 [info] Getting sessions for read:user,repo,user:email,workflow...
2025-01-02 12:21:50.166 [info] Got 0 sessions for read:user,repo,user:email,workflow...
2025-01-02 12:21:50.180 [info] Getting sessions for user:email...
2025-01-02 12:21:50.180 [info] Got 1 sessions for user:email...
2025-01-02 12:21:50.182 [info] Getting sessions for user:email...
2025-01-02 12:21:50.182 [info] Got 1 sessions for user:email...
2025-01-02 12:21:50.203 [info] Getting sessions for all scopes...
2025-01-02 12:21:50.203 [info] Got 1 sessions for ...
2025-01-02 12:21:53.244 [info] Getting sessions for read:user,repo,user:email,workflow...
2025-01-02 12:21:53.244 [info] Got 0 sessions for read:user,repo,user:email,workflow...
2025-01-02 12:21:53.261 [info] Getting sessions for user:email...
2025-01-02 12:21:53.261 [info] Got 1 sessions for user:email...
2025-01-02 12:21:53.266 [info] Getting sessions for all scopes...
2025-01-02 12:21:53.266 [info] Got 1 sessions for ...
2025-01-02 12:21:53.314 [info] Getting sessions for read:user,repo,user:email,workflow...
2025-01-02 12:21:53.314 [info] Got 0 sessions for read:user,repo,user:email,workflow...
2025-01-02 12:21:53.317 [info] Getting sessions for user:email...
2025-01-02 12:21:53.317 [info] Got 1 sessions for user:email...
2025-01-02 12:21:54.256 [info] Getting sessions for all scopes...
2025-01-02 12:21:54.256 [info] Got 1 sessions for ...
2025-01-02 12:21:54.256 [info] Getting sessions for all scopes...
2025-01-02 12:21:54.256 [info] Got 1 sessions for ...
2025-01-02 12:21:54.276 [info] Getting sessions for read:user,repo,user:email,workflow...
2025-01-02 12:21:54.276 [info] Got 0 sessions for read:user,repo,user:email,workflow...
2025-01-02 12:21:54.278 [info] Getting sessions for user:email...
2025-01-02 12:21:54.278 [info] Got 1 sessions for user:email...
2025-01-02 12:21:54.282 [info] Getting sessions for all scopes...
2025-01-02 12:21:54.282 [info] Got 1 sessions for ...
2025-01-02 12:21:54.284 [info] Getting sessions for read:user,repo,user:email,workflow...
2025-01-02 12:21:54.284 [info] Got 0 sessions for read:user,repo,user:email,workflow...
2025-01-02 12:21:54.286 [info] Getting sessions for user:email...
2025-01-02 12:21:54.286 [info] Got 1 sessions for user:email...
2025-01-02 12:21:54.399 [info] Getting sessions for all scopes...
2025-01-02 12:21:54.399 [info] Got 1 sessions for ...
2025-01-02 12:21:54.401 [info] Getting sessions for read:user,repo,user:email,workflow...
2025-01-02 12:21:54.401 [info] Got 0 sessions for read:user,repo,user:email,workflow...
2025-01-02 12:21:54.403 [info] Getting sessions for user:email...
2025-01-02 12:21:54.403 [info] Got 1 sessions for user:email...
2025-01-02 12:21:54.829 [info] Getting sessions for read:user,repo,user:email,workflow...
2025-01-02 12:21:54.829 [info] Got 0 sessions for read:user,repo,user:email,workflow...
2025-01-02 12:21:54.838 [info] Getting sessions for read:user...
2025-01-02 12:21:54.838 [info] Got 0 sessions for read:user...
2025-01-02 12:21:54.852 [info] Getting sessions for user:email...
2025-01-02 12:21:54.852 [info] Got 1 sessions for user:email...
2025-01-02 12:21:56.088 [info] Getting sessions for all scopes...
2025-01-02 12:21:56.088 [info] Got 1 sessions for ...
2025-01-02 12:21:56.091 [info] Getting sessions for read:user,repo,user:email,workflow...
2025-01-02 12:21:56.091 [info] Got 0 sessions for read:user,repo,user:email,workflow...
2025-01-02 12:21:56.093 [info] Getting sessions for user:email...
2025-01-02 12:21:56.093 [info] Got 1 sessions for user:email...
2025-01-02 12:22:00.461 [info] Reading sessions from keychain...
2025-01-02 12:22:00.461 [info] Getting sessions for all scopes...
2025-01-02 12:22:00.461 [info] Getting sessions for all scopes...
2025-01-02 12:22:00.461 [info] Got stored sessions!
2025-01-02 12:22:00.461 [info] Got 1 verified sessions.
2025-01-02 12:22:00.461 [info] Got 1 sessions for ...
2025-01-02 12:22:00.461 [info] Got 1 sessions for ...
2025-01-02 12:22:00.461 [info] Getting sessions for user:email...
2025-01-02 12:22:00.461 [info] Got 1 sessions for user:email...
2025-01-02 12:22:00.461 [info] Getting sessions for all scopes...
2025-01-02 12:22:00.461 [info] Got 1 sessions for ...
2025-01-02 12:22:00.461 [info] Getting sessions for all scopes...
2025-01-02 12:22:00.461 [info] Got 1 sessions for ...
2025-01-02 12:22:00.461 [info] Getting sessions for all scopes...
2025-01-02 12:22:00.461 [info] Got 1 sessions for ...
2025-01-02 12:22:00.461 [info] Getting sessions for all scopes...
2025-01-02 12:22:00.461 [info] Got 1 sessions for ...
2025-01-02 12:22:00.461 [info] Getting sessions for all scopes...
2025-01-02 12:22:00.461 [info] Got 1 sessions for ...
2025-01-02 12:22:00.712 [info] Getting sessions for all scopes...
2025-01-02 12:22:00.712 [info] Got 1 sessions for ...
2025-01-02 12:22:05.342 [info] Getting sessions for read:user,repo,user:email,workflow...
2025-01-02 12:22:05.342 [info] Got 0 sessions for read:user,repo,user:email,workflow...
2025-01-02 12:22:05.342 [info] Getting sessions for all scopes...
2025-01-02 12:22:05.342 [info] Got 1 sessions for ...
2025-01-02 12:22:05.343 [info] Getting sessions for all scopes...
2025-01-02 12:22:05.343 [info] Got 1 sessions for ...
2025-01-02 12:22:05.357 [info] Getting sessions for read:user...
2025-01-02 12:22:05.357 [info] Got 0 sessions for read:user...
2025-01-02 12:22:05.358 [info] Getting sessions for read:user,repo,user:email,workflow...
2025-01-02 12:22:05.358 [info] Got 0 sessions for read:user,repo,user:email,workflow...
2025-01-02 12:22:05.362 [info] Getting sessions for user:email...
2025-01-02 12:22:05.362 [info] Got 1 sessions for user:email...
2025-01-02 12:22:05.362 [info] Getting sessions for user:email...
2025-01-02 12:22:05.362 [info] Got 1 sessions for user:email...
2025-01-02 12:22:05.384 [info] Getting sessions for all scopes...
2025-01-02 12:22:05.384 [info] Got 1 sessions for ...
2025-01-02 12:22:07.774 [info] Getting sessions for read:user,repo,user:email,workflow...
2025-01-02 12:22:07.774 [info] Got 0 sessions for read:user,repo,user:email,workflow...
2025-01-02 12:22:07.834 [info] Getting sessions for user:email...
2025-01-02 12:22:07.834 [info] Got 1 sessions for user:email...
2025-01-02 12:22:07.929 [info] Getting sessions for all scopes...
2025-01-02 12:22:07.929 [info] Got 1 sessions for ...
2025-01-02 12:22:07.930 [info] Getting sessions for all scopes...
2025-01-02 12:22:07.930 [info] Got 1 sessions for ...
2025-01-02 12:22:08.139 [info] Getting sessions for read:user,repo,user:email,workflow...
2025-01-02 12:22:08.140 [info] Got 0 sessions for read:user,repo,user:email,workflow...
2025-01-02 12:22:08.205 [info] Getting sessions for user:email...
2025-01-02 12:22:08.205 [info] Got 1 sessions for user:email...
2025-01-02 12:22:09.066 [info] Getting sessions for all scopes...
2025-01-02 12:22:09.066 [info] Got 1 sessions for ...
2025-01-02 12:22:09.067 [info] Getting sessions for all scopes...
2025-01-02 12:22:09.067 [info] Got 1 sessions for ...
2025-01-02 12:22:09.096 [info] Getting sessions for read:user,repo,user:email,workflow...
2025-01-02 12:22:09.096 [info] Got 0 sessions for read:user,repo,user:email,workflow...
2025-01-02 12:22:09.099 [info] Getting sessions for user:email...
2025-01-02 12:22:09.099 [info] Got 1 sessions for user:email...
2025-01-02 12:22:09.103 [info] Getting sessions for all scopes...
2025-01-02 12:22:09.103 [info] Got 1 sessions for ...
2025-01-02 12:22:09.105 [info] Getting sessions for read:user,repo,user:email,workflow...
2025-01-02 12:22:09.105 [info] Got 0 sessions for read:user,repo,user:email,workflow...
2025-01-02 12:22:09.107 [info] Getting sessions for user:email...
2025-01-02 12:22:09.107 [info] Got 1 sessions for user:email...
2025-01-02 12:22:09.255 [info] Getting sessions for all scopes...
2025-01-02 12:22:09.255 [info] Got 1 sessions for ...
2025-01-02 12:22:09.259 [info] Getting sessions for read:user,repo,user:email,workflow...
2025-01-02 12:22:09.259 [info] Got 0 sessions for read:user,repo,user:email,workflow...
2025-01-02 12:22:09.262 [info] Getting sessions for user:email...
2025-01-02 12:22:09.262 [info] Got 1 sessions for user:email...
2025-01-02 12:22:09.351 [info] Getting sessions for read:user,repo,user:email,workflow...
2025-01-02 12:22:09.352 [info] Got 0 sessions for read:user,repo,user:email,workflow...
2025-01-02 12:22:09.362 [info] Getting sessions for read:user...
2025-01-02 12:22:09.362 [info] Got 0 sessions for read:user...
2025-01-02 12:22:09.369 [info] Getting sessions for user:email...
2025-01-02 12:22:09.369 [info] Got 1 sessions for user:email...
2025-01-02 12:22:10.213 [info] Getting sessions for all scopes...
2025-01-02 12:22:10.213 [info] Got 1 sessions for ...
2025-01-02 12:22:10.221 [info] Getting sessions for read:user,repo,user:email,workflow...
2025-01-02 12:22:10.221 [info] Got 0 sessions for read:user,repo,user:email,workflow...
2025-01-02 12:22:10.223 [info] Getting sessions for user:email...
2025-01-02 12:22:10.223 [info] Got 1 sessions for user:email...
2025-01-02 12:37:10.233 [info] Getting sessions for all scopes...
2025-01-02 12:37:10.233 [info] Got 1 sessions for ...
2025-01-02 12:37:10.243 [info] Getting sessions for read:user,repo,user:email,workflow...
2025-01-02 12:37:10.243 [info] Got 0 sessions for read:user,repo,user:email,workflow...
2025-01-02 12:37:10.248 [info] Getting sessions for user:email...
2025-01-02 12:37:10.248 [info] Got 1 sessions for user:email...
2025-01-02 12:37:10.252 [info] Getting sessions for all scopes...
2025-01-02 12:37:10.252 [info] Got 1 sessions for ...
2025-01-02 12:37:10.255 [info] Getting sessions for read:user,repo,user:email,workflow...
2025-01-02 12:37:10.255 [info] Got 0 sessions for read:user,repo,user:email,workflow...
2025-01-02 12:37:10.258 [info] Getting sessions for user:email...
2025-01-02 12:37:10.258 [info] Got 1 sessions for user:email...
2025-01-02 12:47:08.448 [info] Getting sessions for read:user,repo,user:email,workflow...
2025-01-02 12:47:08.448 [info] Got 0 sessions for read:user,repo,user:email,workflow...
2025-01-02 12:47:08.454 [info] Getting sessions for read:user...
2025-01-02 12:47:08.455 [info] Got 0 sessions for read:user...
2025-01-02 12:47:08.461 [info] Getting sessions for user:email...
2025-01-02 12:47:08.461 [info] Got 1 sessions for user:email...
2025-01-02 12:47:09.053 [info] Getting sessions for all scopes...
2025-01-02 12:47:09.053 [info] Got 1 sessions for ...
2025-01-02 12:47:09.055 [info] Getting sessions for read:user,repo,user:email,workflow...
2025-01-02 12:47:09.055 [info] Got 0 sessions for read:user,repo,user:email,workflow...
2025-01-02 12:47:09.057 [info] Getting sessions for user:email...
2025-01-02 12:47:09.057 [info] Got 1 sessions for user:email...
2025-01-02 12:47:10.270 [info] Getting sessions for all scopes...
2025-01-02 12:47:10.270 [info] Got 1 sessions for ...
2025-01-02 12:47:10.272 [info] Getting sessions for all scopes...
2025-01-02 12:47:10.272 [info] Got 1 sessions for ...
2025-01-02 12:47:10.277 [info] Getting sessions for read:user,repo,user:email,workflow...
2025-01-02 12:47:10.277 [info] Got 0 sessions for read:user,repo,user:email,workflow...
2025-01-02 12:47:10.282 [info] Getting sessions for user:email...
2025-01-02 12:47:10.282 [info] Got 1 sessions for user:email...
2025-01-02 12:47:10.286 [info] Getting sessions for all scopes...
2025-01-02 12:47:10.286 [info] Got 1 sessions for ...
2025-01-02 12:47:10.289 [info] Getting sessions for read:user,repo,user:email,workflow...
2025-01-02 12:47:10.289 [info] Got 0 sessions for read:user,repo,user:email,workflow...
2025-01-02 12:47:10.291 [info] Getting sessions for user:email...
2025-01-02 12:47:10.291 [info] Got 1 sessions for user:email...
2025-01-02 12:47:10.302 [info] Getting sessions for all scopes...
2025-01-02 12:47:10.302 [info] Got 1 sessions for ...
2025-01-02 12:47:10.304 [info] Getting sessions for read:user,repo,user:email,workflow...
2025-01-02 12:47:10.304 [info] Got 0 sessions for read:user,repo,user:email,workflow...
2025-01-02 12:47:10.305 [info] Getting sessions for user:email...
2025-01-02 12:47:10.305 [info] Got 1 sessions for user:email...
