2025-01-02 14:06:13.940 [info] Reading sessions from keychain...
2025-01-02 14:06:13.941 [info] Getting sessions for all scopes...
2025-01-02 14:06:13.941 [info] Getting sessions for all scopes...
2025-01-02 14:06:13.941 [info] Got stored sessions!
2025-01-02 14:06:13.941 [info] Got 2 verified sessions.
2025-01-02 14:06:13.941 [info] Got 2 sessions for ...
2025-01-02 14:06:13.941 [info] Got 2 sessions for ...
2025-01-02 14:06:13.941 [info] Getting sessions for user:email...
2025-01-02 14:06:13.941 [info] Got 1 sessions for user:email...
2025-01-02 14:06:13.941 [info] Getting sessions for all scopes...
2025-01-02 14:06:13.941 [info] Got 2 sessions for ...
2025-01-02 14:06:13.941 [info] Getting sessions for all scopes...
2025-01-02 14:06:13.941 [info] Got 2 sessions for ...
2025-01-02 14:06:13.941 [info] Getting sessions for all scopes...
2025-01-02 14:06:13.941 [info] Got 2 sessions for ...
2025-01-02 14:06:13.941 [info] Getting sessions for all scopes...
2025-01-02 14:06:13.941 [info] Got 2 sessions for ...
2025-01-02 14:06:13.941 [info] Getting sessions for all scopes...
2025-01-02 14:06:13.941 [info] Got 2 sessions for ...
2025-01-02 14:06:18.706 [info] Getting sessions for read:user,repo,user:email,workflow...
2025-01-02 14:06:18.706 [info] Got 1 sessions for read:user,repo,user:email,workflow...
2025-01-02 14:06:18.706 [info] Getting sessions for all scopes...
2025-01-02 14:06:18.706 [info] Got 2 sessions for ...
2025-01-02 14:06:18.707 [info] Getting sessions for all scopes...
2025-01-02 14:06:18.707 [info] Got 2 sessions for ...
2025-01-02 14:06:18.913 [info] Getting sessions for read:user,repo,user:email,workflow...
2025-01-02 14:06:18.913 [info] Got 1 sessions for read:user,repo,user:email,workflow...
2025-01-02 14:06:18.925 [info] Getting sessions for all scopes...
2025-01-02 14:06:18.925 [info] Got 2 sessions for ...
2025-01-02 14:06:18.950 [info] Getting sessions for read:user,repo,user:email,workflow...
2025-01-02 14:06:18.950 [info] Got 1 sessions for read:user,repo,user:email,workflow...
2025-01-02 14:06:22.284 [info] Getting sessions for all scopes...
2025-01-02 14:06:22.284 [info] Got 2 sessions for ...
2025-01-02 14:06:22.284 [info] Getting sessions for all scopes...
2025-01-02 14:06:22.285 [info] Got 2 sessions for ...
2025-01-02 14:06:24.284 [info] Getting sessions for read:user,repo,user:email,workflow...
2025-01-02 14:06:24.284 [info] Got 1 sessions for read:user,repo,user:email,workflow...
2025-01-02 14:06:24.341 [info] Getting sessions for read:user,repo,user:email,workflow...
2025-01-02 14:06:24.342 [info] Got 1 sessions for read:user,repo,user:email,workflow...
2025-01-02 14:06:24.900 [info] Getting sessions for all scopes...
2025-01-02 14:06:24.900 [info] Got 2 sessions for ...
2025-01-02 14:06:24.941 [info] Getting sessions for read:user,repo,user:email,workflow...
2025-01-02 14:06:24.941 [info] Got 1 sessions for read:user,repo,user:email,workflow...
2025-01-02 14:06:25.232 [info] Getting sessions for read:user,repo,user:email,workflow...
2025-01-02 14:06:25.232 [info] Got 1 sessions for read:user,repo,user:email,workflow...
2025-01-02 14:06:25.476 [info] Getting sessions for read:user,repo,user:email,workflow...
2025-01-02 14:06:25.476 [info] Got 1 sessions for read:user,repo,user:email,workflow...
2025-01-02 14:06:25.556 [info] Getting sessions for all scopes...
2025-01-02 14:06:25.556 [info] Got 2 sessions for ...
2025-01-02 14:06:25.557 [info] Getting sessions for all scopes...
2025-01-02 14:06:25.557 [info] Got 2 sessions for ...
2025-01-02 14:06:25.591 [info] Getting sessions for read:user,repo,user:email,workflow...
2025-01-02 14:06:25.591 [info] Got 1 sessions for read:user,repo,user:email,workflow...
2025-01-02 14:06:25.595 [info] Getting sessions for all scopes...
2025-01-02 14:06:25.595 [info] Got 2 sessions for ...
2025-01-02 14:06:25.601 [info] Getting sessions for read:user,repo,user:email,workflow...
2025-01-02 14:06:25.601 [info] Got 1 sessions for read:user,repo,user:email,workflow...
2025-01-02 14:06:25.732 [info] Getting sessions for all scopes...
2025-01-02 14:06:25.732 [info] Got 2 sessions for ...
2025-01-02 14:06:25.737 [info] Getting sessions for read:user,repo,user:email,workflow...
2025-01-02 14:06:25.777 [info] Got 1 sessions for read:user,repo,user:email,workflow...
2025-01-02 14:06:27.508 [info] Getting sessions for all scopes...
2025-01-02 14:06:27.508 [info] Got 2 sessions for ...
2025-01-02 14:06:27.595 [info] Getting sessions for read:user,repo,user:email,workflow...
2025-01-02 14:06:27.595 [info] Got 1 sessions for read:user,repo,user:email,workflow...
