2025-01-01 21:03:06.034 [info] Reading sessions from keychain...
2025-01-01 21:03:06.034 [info] Getting sessions for all scopes...
2025-01-01 21:03:06.034 [info] Getting sessions for all scopes...
2025-01-01 21:03:06.034 [info] Getting sessions for all scopes...
2025-01-01 21:03:06.034 [info] Getting sessions for all scopes...
2025-01-01 21:03:06.034 [info] Getting sessions for all scopes...
2025-01-01 21:03:06.034 [info] Getting sessions for all scopes...
2025-01-01 21:03:06.034 [info] Getting sessions for all scopes...
2025-01-01 21:03:06.034 [info] Getting sessions for user:email...
2025-01-01 21:03:06.034 [info] Got stored sessions!
2025-01-01 21:03:06.034 [info] Got 1 verified sessions.
2025-01-01 21:03:06.034 [info] Got 1 sessions for ...
2025-01-01 21:03:06.034 [info] Got 1 sessions for ...
2025-01-01 21:03:06.034 [info] Got 1 sessions for ...
2025-01-01 21:03:06.034 [info] Got 1 sessions for ...
2025-01-01 21:03:06.034 [info] Got 1 sessions for ...
2025-01-01 21:03:06.034 [info] Got 1 sessions for ...
2025-01-01 21:03:06.034 [info] Got 1 sessions for ...
2025-01-01 21:03:06.034 [info] Got 1 sessions for user:email...
2025-01-01 21:03:06.966 [info] Getting sessions for all scopes...
2025-01-01 21:03:06.966 [info] Got 1 sessions for ...
2025-01-01 21:03:12.939 [info] Getting sessions for read:user,repo,user:email,workflow...
2025-01-01 21:03:12.939 [info] Got 0 sessions for read:user,repo,user:email,workflow...
2025-01-01 21:03:13.043 [info] Getting sessions for all scopes...
2025-01-01 21:03:13.043 [info] Got 1 sessions for ...
2025-01-01 21:03:13.043 [info] Getting sessions for all scopes...
2025-01-01 21:03:13.043 [info] Got 1 sessions for ...
2025-01-01 21:03:13.202 [info] Getting sessions for read:user...
2025-01-01 21:03:13.202 [info] Got 0 sessions for read:user...
2025-01-01 21:03:13.211 [info] Getting sessions for read:user,repo,user:email,workflow...
2025-01-01 21:03:13.211 [info] Got 0 sessions for read:user,repo,user:email,workflow...
2025-01-01 21:03:13.283 [info] Getting sessions for user:email...
2025-01-01 21:03:13.283 [info] Got 1 sessions for user:email...
2025-01-01 21:03:13.284 [info] Getting sessions for user:email...
2025-01-01 21:03:13.284 [info] Got 1 sessions for user:email...
2025-01-01 21:03:13.319 [info] Getting sessions for all scopes...
2025-01-01 21:03:13.319 [info] Got 1 sessions for ...
2025-01-01 21:03:16.775 [info] Getting sessions for read:user,repo,user:email,workflow...
2025-01-01 21:03:16.775 [info] Got 0 sessions for read:user,repo,user:email,workflow...
2025-01-01 21:03:16.816 [info] Getting sessions for user:email...
2025-01-01 21:03:16.816 [info] Got 1 sessions for user:email...
2025-01-01 21:03:16.819 [info] Getting sessions for all scopes...
2025-01-01 21:03:16.819 [info] Got 1 sessions for ...
2025-01-01 21:03:16.821 [info] Getting sessions for read:user,repo,user:email,workflow...
2025-01-01 21:03:16.822 [info] Got 0 sessions for read:user,repo,user:email,workflow...
2025-01-01 21:03:16.824 [info] Getting sessions for user:email...
2025-01-01 21:03:16.824 [info] Got 1 sessions for user:email...
2025-01-01 21:03:17.909 [info] Getting sessions for all scopes...
2025-01-01 21:03:17.909 [info] Got 1 sessions for ...
2025-01-01 21:03:17.910 [info] Getting sessions for all scopes...
2025-01-01 21:03:17.910 [info] Got 1 sessions for ...
2025-01-01 21:03:17.912 [info] Getting sessions for read:user,repo,user:email,workflow...
2025-01-01 21:03:17.912 [info] Got 0 sessions for read:user,repo,user:email,workflow...
2025-01-01 21:03:17.914 [info] Getting sessions for user:email...
2025-01-01 21:03:17.915 [info] Got 1 sessions for user:email...
2025-01-01 21:03:17.918 [info] Getting sessions for all scopes...
2025-01-01 21:03:17.918 [info] Got 1 sessions for ...
2025-01-01 21:03:17.920 [info] Getting sessions for read:user,repo,user:email,workflow...
2025-01-01 21:03:17.920 [info] Got 0 sessions for read:user,repo,user:email,workflow...
2025-01-01 21:03:17.922 [info] Getting sessions for user:email...
2025-01-01 21:03:17.922 [info] Got 1 sessions for user:email...
2025-01-01 21:03:18.051 [info] Getting sessions for all scopes...
2025-01-01 21:03:18.051 [info] Got 1 sessions for ...
2025-01-01 21:03:18.064 [info] Getting sessions for read:user,repo,user:email,workflow...
2025-01-01 21:03:18.064 [info] Got 0 sessions for read:user,repo,user:email,workflow...
2025-01-01 21:03:18.066 [info] Getting sessions for user:email...
2025-01-01 21:03:18.067 [info] Got 1 sessions for user:email...
2025-01-01 21:03:18.597 [info] Getting sessions for read:user,repo,user:email,workflow...
2025-01-01 21:03:18.597 [info] Got 0 sessions for read:user,repo,user:email,workflow...
2025-01-01 21:03:18.616 [info] Getting sessions for read:user...
2025-01-01 21:03:18.616 [info] Got 0 sessions for read:user...
2025-01-01 21:03:18.619 [info] Getting sessions for user:email...
2025-01-01 21:03:18.620 [info] Got 1 sessions for user:email...
2025-01-01 21:03:19.664 [info] Getting sessions for all scopes...
2025-01-01 21:03:19.664 [info] Got 1 sessions for ...
2025-01-01 21:03:19.667 [info] Getting sessions for read:user,repo,user:email,workflow...
2025-01-01 21:03:19.667 [info] Got 0 sessions for read:user,repo,user:email,workflow...
2025-01-01 21:03:19.669 [info] Getting sessions for user:email...
2025-01-01 21:03:19.669 [info] Got 1 sessions for user:email...
